{"/Users/spucheta/Code/link-tracker/src/app.controller.ts": {"path":"/Users/spucheta/Code/link-tracker/src/app.controller.ts","statementMap":{"0":{"start":{"line":1,"column":0},"end":{"line":1,"column":49}},"1":{"start":{"line":2,"column":0},"end":{"line":2,"column":43}},"2":{"start":{"line":5,"column":7},"end":{"line":12,"column":null}},"3":{"start":{"line":6,"column":31},"end":{"line":6,"column":43}},"4":{"start":{"line":10,"column":4},"end":{"line":10,"column":38}},"5":{"start":{"line":5,"column":13},"end":{"line":5,"column":26}},"6":{"start":{"line":9,"column":2},"end":{"line":11,"column":null}},"7":{"start":{"line":5,"column":13},"end":{"line":12,"column":null}}},"fnMap":{"0":{"name":"(anonymous_2)","decl":{"start":{"line":6,"column":2},"end":{"line":6,"column":31}},"loc":{"start":{"line":6,"column":53},"end":{"line":6,"column":57}}},"1":{"name":"(anonymous_3)","decl":{"start":{"line":9,"column":2},"end":{"line":9,"column":10}},"loc":{"start":{"line":9,"column":10},"end":{"line":11,"column":3}}}},"branchMap":{},"s":{"0":1,"1":1,"2":1,"3":1,"4":1,"5":1,"6":1,"7":1},"f":{"0":1,"1":1},"b":{}}
,"/Users/spucheta/Code/link-tracker/src/app.module.ts": {"path":"/Users/spucheta/Code/link-tracker/src/app.module.ts","statementMap":{"0":{"start":{"line":1,"column":0},"end":{"line":1,"column":40}},"1":{"start":{"line":2,"column":0},"end":{"line":2,"column":49}},"2":{"start":{"line":3,"column":0},"end":{"line":3,"column":43}},"3":{"start":{"line":4,"column":0},"end":{"line":4,"column":51}},"4":{"start":{"line":11,"column":7},"end":{"line":11,"column":null}},"5":{"start":{"line":11,"column":13},"end":{"line":11,"column":22}},"6":{"start":{"line":11,"column":13},"end":{"line":11,"column":null}}},"fnMap":{},"branchMap":{},"s":{"0":0,"1":0,"2":0,"3":0,"4":0,"5":0,"6":0},"f":{},"b":{}}
,"/Users/spucheta/Code/link-tracker/src/app.service.ts": {"path":"/Users/spucheta/Code/link-tracker/src/app.service.ts","statementMap":{"0":{"start":{"line":1,"column":0},"end":{"line":1,"column":44}},"1":{"start":{"line":4,"column":7},"end":{"line":8,"column":null}},"2":{"start":{"line":6,"column":4},"end":{"line":6,"column":26}},"3":{"start":{"line":4,"column":13},"end":{"line":4,"column":23}},"4":{"start":{"line":4,"column":13},"end":{"line":8,"column":null}}},"fnMap":{"0":{"name":"(anonymous_1)","decl":{"start":{"line":5,"column":2},"end":{"line":5,"column":10}},"loc":{"start":{"line":5,"column":10},"end":{"line":7,"column":3}}}},"branchMap":{},"s":{"0":1,"1":1,"2":1,"3":1,"4":1},"f":{"0":1},"b":{}}
,"/Users/spucheta/Code/link-tracker/src/main.ts": {"path":"/Users/spucheta/Code/link-tracker/src/main.ts","statementMap":{"0":{"start":{"line":1,"column":0},"end":{"line":1,"column":43}},"1":{"start":{"line":2,"column":0},"end":{"line":2,"column":41}},"2":{"start":{"line":3,"column":0},"end":{"line":3,"column":48}},"3":{"start":{"line":4,"column":0},"end":{"line":4,"column":65}},"4":{"start":{"line":7,"column":14},"end":{"line":7,"column":49}},"5":{"start":{"line":9,"column":2},"end":{"line":9,"column":43}},"6":{"start":{"line":11,"column":17},"end":{"line":15,"column":12}},"7":{"start":{"line":17,"column":19},"end":{"line":17,"column":60}},"8":{"start":{"line":18,"column":2},"end":{"line":18,"column":44}},"9":{"start":{"line":20,"column":2},"end":{"line":20,"column":25}},"10":{"start":{"line":22,"column":0},"end":{"line":22,"column":12}}},"fnMap":{"0":{"name":"bootstrap","decl":{"start":{"line":6,"column":15},"end":{"line":6,"column":24}},"loc":{"start":{"line":6,"column":24},"end":{"line":21,"column":1}}}},"branchMap":{},"s":{"0":0,"1":0,"2":0,"3":0,"4":0,"5":0,"6":0,"7":0,"8":0,"9":0,"10":0},"f":{"0":0},"b":{}}
,"/Users/spucheta/Code/link-tracker/src/links/links.controller.ts": {"path":"/Users/spucheta/Code/link-tracker/src/links/links.controller.ts","statementMap":{"0":{"start":{"line":1,"column":0},"end":{"line":1,"column":null}},"1":{"start":{"line":12,"column":0},"end":{"line":12,"column":56}},"2":{"start":{"line":14,"column":0},"end":{"line":14,"column":null}},"3":{"start":{"line":25,"column":7},"end":{"line":106,"column":null}},"4":{"start":{"line":26,"column":31},"end":{"line":26,"column":45}},"5":{"start":{"line":54,"column":27},"end":{"line":54,"column":72}},"6":{"start":{"line":55,"column":4},"end":{"line":55,"column":67}},"7":{"start":{"line":79,"column":17},"end":{"line":79,"column":54}},"8":{"start":{"line":81,"column":4},"end":{"line":83,"column":5}},"9":{"start":{"line":82,"column":6},"end":{"line":82,"column":47}},"10":{"start":{"line":85,"column":4},"end":{"line":85,"column":57}},"11":{"start":{"line":86,"column":4},"end":{"line":86,"column":42}},"12":{"start":{"line":96,"column":4},"end":{"line":96,"column":44}},"13":{"start":{"line":104,"column":4},"end":{"line":104,"column":49}},"14":{"start":{"line":25,"column":13},"end":{"line":25,"column":28}},"15":{"start":{"line":49,"column":8},"end":{"line":56,"column":null}},"16":{"start":{"line":74,"column":8},"end":{"line":87,"column":null}},"17":{"start":{"line":95,"column":8},"end":{"line":97,"column":null}},"18":{"start":{"line":103,"column":8},"end":{"line":105,"column":null}},"19":{"start":{"line":25,"column":13},"end":{"line":106,"column":null}}},"fnMap":{"0":{"name":"(anonymous_4)","decl":{"start":{"line":26,"column":2},"end":{"line":26,"column":31}},"loc":{"start":{"line":26,"column":57},"end":{"line":26,"column":61}}},"1":{"name":"(anonymous_5)","decl":{"start":{"line":49,"column":2},"end":{"line":49,"column":7}},"loc":{"start":{"line":52,"column":43},"end":{"line":56,"column":3}}},"2":{"name":"(anonymous_6)","decl":{"start":{"line":74,"column":2},"end":{"line":74,"column":7}},"loc":{"start":{"line":77,"column":40},"end":{"line":87,"column":3}}},"3":{"name":"(anonymous_7)","decl":{"start":{"line":95,"column":2},"end":{"line":95,"column":7}},"loc":{"start":{"line":95,"column":44},"end":{"line":97,"column":3}}},"4":{"name":"(anonymous_8)","decl":{"start":{"line":103,"column":2},"end":{"line":103,"column":7}},"loc":{"start":{"line":103,"column":50},"end":{"line":105,"column":3}}}},"branchMap":{"0":{"loc":{"start":{"line":54,"column":27},"end":{"line":54,"column":72}},"type":"cond-expr","locations":[{"start":{"line":54,"column":40},"end":{"line":54,"column":60}},{"start":{"line":54,"column":63},"end":{"line":54,"column":72}}]},"1":{"loc":{"start":{"line":81,"column":4},"end":{"line":83,"column":5}},"type":"if","locations":[{"start":{"line":81,"column":4},"end":{"line":83,"column":5}}]},"2":{"loc":{"start":{"line":81,"column":8},"end":{"line":81,"column":51}},"type":"binary-expr","locations":[{"start":{"line":81,"column":8},"end":{"line":81,"column":21}},{"start":{"line":81,"column":25},"end":{"line":81,"column":51}}]}},"s":{"0":1,"1":1,"2":1,"3":1,"4":5,"5":1,"6":1,"7":0,"8":0,"9":0,"10":0,"11":0,"12":2,"13":1,"14":1,"15":1,"16":1,"17":1,"18":1,"19":1},"f":{"0":5,"1":1,"2":0,"3":2,"4":1},"b":{"0":[1,0],"1":[0],"2":[0,0]}}
,"/Users/spucheta/Code/link-tracker/src/links/links.module.ts": {"path":"/Users/spucheta/Code/link-tracker/src/links/links.module.ts","statementMap":{"0":{"start":{"line":1,"column":0},"end":{"line":1,"column":40}},"1":{"start":{"line":2,"column":0},"end":{"line":2,"column":53}},"2":{"start":{"line":3,"column":0},"end":{"line":3,"column":56}},"3":{"start":{"line":9,"column":7},"end":{"line":9,"column":null}},"4":{"start":{"line":9,"column":13},"end":{"line":9,"column":24}},"5":{"start":{"line":9,"column":13},"end":{"line":9,"column":null}}},"fnMap":{},"branchMap":{},"s":{"0":0,"1":0,"2":0,"3":0,"4":0,"5":0},"f":{},"b":{}}
,"/Users/spucheta/Code/link-tracker/src/links/entities/link.entity.ts": {"path":"/Users/spucheta/Code/link-tracker/src/links/entities/link.entity.ts","statementMap":{"0":{"start":{"line":1,"column":0},"end":{"line":1,"column":46}},"1":{"start":{"line":3,"column":0},"end":{"line":3,"column":13}},"2":{"start":{"line":5,"column":2},"end":{"line":5,"column":null}},"3":{"start":{"line":8,"column":2},"end":{"line":8,"column":null}},"4":{"start":{"line":11,"column":2},"end":{"line":11,"column":null}},"5":{"start":{"line":14,"column":2},"end":{"line":14,"column":null}},"6":{"start":{"line":17,"column":2},"end":{"line":17,"column":null}},"7":{"start":{"line":20,"column":2},"end":{"line":20,"column":null}},"8":{"start":{"line":27,"column":2},"end":{"line":27,"column":null}},"9":{"start":{"line":33,"column":2},"end":{"line":33,"column":null}}},"fnMap":{},"branchMap":{},"s":{"0":0,"1":0,"2":0,"3":0,"4":0,"5":0,"6":0,"7":0,"8":0,"9":0},"f":{},"b":{}}
,"/Users/spucheta/Code/link-tracker/src/links/services/links.service.ts": {"path":"/Users/spucheta/Code/link-tracker/src/links/services/links.service.ts","statementMap":{"0":{"start":{"line":1,"column":0},"end":{"line":1,"column":63}},"1":{"start":{"line":2,"column":0},"end":{"line":2,"column":38}},"2":{"start":{"line":6,"column":7},"end":{"line":115,"column":null}},"3":{"start":{"line":10,"column":4},"end":{"line":13,"column":7}},"4":{"start":{"line":18,"column":6},"end":{"line":18,"column":70}},"5":{"start":{"line":19,"column":17},"end":{"line":19,"column":19}},"6":{"start":{"line":20,"column":4},"end":{"line":24,"column":5}},"7":{"start":{"line":20,"column":17},"end":{"line":20,"column":18}},"8":{"start":{"line":21,"column":6},"end":{"line":23,"column":8}},"9":{"start":{"line":25,"column":4},"end":{"line":25,"column":18}},"10":{"start":{"line":34,"column":30},"end":{"line":34,"column":74}},"11":{"start":{"line":36,"column":4},"end":{"line":47,"column":5}},"12":{"start":{"line":38,"column":32},"end":{"line":42,"column":8}},"13":{"start":{"line":45,"column":6},"end":{"line":45,"column":72}},"14":{"start":{"line":46,"column":6},"end":{"line":46,"column":25}},"15":{"start":{"line":50,"column":17},"end":{"line":50,"column":42}},"16":{"start":{"line":51,"column":17},"end":{"line":51,"column":48}},"17":{"start":{"line":54,"column":35},"end":{"line":62,"column":6}},"18":{"start":{"line":65,"column":24},"end":{"line":65,"column":53}},"19":{"start":{"line":66,"column":4},"end":{"line":66,"column":23}},"20":{"start":{"line":70,"column":16},"end":{"line":70,"column":47}},"21":{"start":{"line":71,"column":4},"end":{"line":73,"column":5}},"22":{"start":{"line":72,"column":6},"end":{"line":72,"column":72}},"23":{"start":{"line":76,"column":16},"end":{"line":76,"column":26}},"24":{"start":{"line":77,"column":4},"end":{"line":81,"column":5}},"25":{"start":{"line":79,"column":6},"end":{"line":79,"column":38}},"26":{"start":{"line":80,"column":6},"end":{"line":80,"column":72}},"27":{"start":{"line":83,"column":4},"end":{"line":83,"column":15}},"28":{"start":{"line":87,"column":16},"end":{"line":87,"column":69}},"29":{"start":{"line":89,"column":4},"end":{"line":91,"column":5}},"30":{"start":{"line":90,"column":6},"end":{"line":90,"column":18}},"31":{"start":{"line":93,"column":4},"end":{"line":93,"column":15}},"32":{"start":{"line":97,"column":4},"end":{"line":97,"column":28}},"33":{"start":{"line":100,"column":4},"end":{"line":100,"column":56}},"34":{"start":{"line":105,"column":4},"end":{"line":105,"column":69}},"35":{"start":{"line":109,"column":16},"end":{"line":109,"column":47}},"36":{"start":{"line":110,"column":4},"end":{"line":112,"column":5}},"37":{"start":{"line":111,"column":6},"end":{"line":111,"column":72}},"38":{"start":{"line":113,"column":4},"end":{"line":113,"column":15}},"39":{"start":{"line":6,"column":13},"end":{"line":6,"column":25}},"40":{"start":{"line":6,"column":13},"end":{"line":115,"column":null}}},"fnMap":{"0":{"name":"(anonymous_3)","decl":{"start":{"line":9,"column":2},"end":{"line":9,"column":null}},"loc":{"start":{"line":9,"column":2},"end":{"line":14,"column":3}}},"1":{"name":"(anonymous_4)","decl":{"start":{"line":16,"column":2},"end":{"line":16,"column":19}},"loc":{"start":{"line":16,"column":34},"end":{"line":26,"column":3}}},"2":{"name":"(anonymous_5)","decl":{"start":{"line":28,"column":2},"end":{"line":28,"column":7}},"loc":{"start":{"line":31,"column":25},"end":{"line":67,"column":3}}},"3":{"name":"(anonymous_6)","decl":{"start":{"line":69,"column":2},"end":{"line":69,"column":7}},"loc":{"start":{"line":69,"column":28},"end":{"line":84,"column":3}}},"4":{"name":"(anonymous_7)","decl":{"start":{"line":86,"column":2},"end":{"line":86,"column":7}},"loc":{"start":{"line":86,"column":48},"end":{"line":94,"column":3}}},"5":{"name":"(anonymous_8)","decl":{"start":{"line":96,"column":2},"end":{"line":96,"column":7}},"loc":{"start":{"line":96,"column":40},"end":{"line":101,"column":3}}},"6":{"name":"(anonymous_9)","decl":{"start":{"line":103,"column":2},"end":{"line":103,"column":7}},"loc":{"start":{"line":103,"column":35},"end":{"line":106,"column":3}}},"7":{"name":"(anonymous_10)","decl":{"start":{"line":108,"column":2},"end":{"line":108,"column":7}},"loc":{"start":{"line":108,"column":29},"end":{"line":114,"column":3}}}},"branchMap":{"0":{"loc":{"start":{"line":36,"column":4},"end":{"line":47,"column":5}},"type":"if","locations":[{"start":{"line":36,"column":4},"end":{"line":47,"column":5}}]},"1":{"loc":{"start":{"line":71,"column":4},"end":{"line":73,"column":5}},"type":"if","locations":[{"start":{"line":71,"column":4},"end":{"line":73,"column":5}}]},"2":{"loc":{"start":{"line":71,"column":8},"end":{"line":71,"column":28}},"type":"binary-expr","locations":[{"start":{"line":71,"column":8},"end":{"line":71,"column":12}},{"start":{"line":71,"column":16},"end":{"line":71,"column":28}}]},"3":{"loc":{"start":{"line":77,"column":4},"end":{"line":81,"column":5}},"type":"if","locations":[{"start":{"line":77,"column":4},"end":{"line":81,"column":5}}]},"4":{"loc":{"start":{"line":77,"column":8},"end":{"line":77,"column":54}},"type":"binary-expr","locations":[{"start":{"line":77,"column":8},"end":{"line":77,"column":26}},{"start":{"line":77,"column":30},"end":{"line":77,"column":54}}]},"5":{"loc":{"start":{"line":89,"column":4},"end":{"line":91,"column":5}},"type":"if","locations":[{"start":{"line":89,"column":4},"end":{"line":91,"column":5}}]},"6":{"loc":{"start":{"line":89,"column":8},"end":{"line":89,"column":28}},"type":"binary-expr","locations":[{"start":{"line":89,"column":8},"end":{"line":89,"column":12}},{"start":{"line":89,"column":16},"end":{"line":89,"column":28}}]},"7":{"loc":{"start":{"line":110,"column":4},"end":{"line":112,"column":5}},"type":"if","locations":[{"start":{"line":110,"column":4},"end":{"line":112,"column":5}}]}},"s":{"0":2,"1":2,"2":2,"3":13,"4":2,"5":2,"6":2,"7":2,"8":10,"9":2,"10":2,"11":2,"12":1,"13":1,"14":1,"15":1,"16":1,"17":1,"18":1,"19":1,"20":3,"21":3,"22":1,"23":2,"24":2,"25":1,"26":1,"27":1,"28":4,"29":4,"30":2,"31":2,"32":1,"33":1,"34":2,"35":2,"36":2,"37":1,"38":1,"39":2,"40":2},"f":{"0":13,"1":2,"2":2,"3":3,"4":4,"5":1,"6":2,"7":2},"b":{"0":[1],"1":[1],"2":[3,2],"3":[1],"4":[2,1],"5":[2],"6":[4,2],"7":[1]}}
}
