TN:
SF:src/app.controller.ts
FN:6,(anonymous_2)
FN:9,(anonymous_3)
FNF:2
FNH:2
FNDA:1,(anonymous_2)
FNDA:1,(anonymous_3)
DA:1,1
DA:2,1
DA:5,1
DA:6,1
DA:9,1
DA:10,1
LF:6
LH:6
BRF:0
BRH:0
end_of_record
TN:
SF:src/app.module.ts
FNF:0
FNH:0
DA:1,0
DA:2,0
DA:3,0
DA:4,0
DA:11,0
LF:5
LH:0
BRF:0
BRH:0
end_of_record
TN:
SF:src/app.service.ts
FN:5,(anonymous_1)
FNF:1
FNH:1
FNDA:1,(anonymous_1)
DA:1,1
DA:4,1
DA:6,1
LF:3
LH:3
BRF:0
BRH:0
end_of_record
TN:
SF:src/main.ts
FN:6,bootstrap
FNF:1
FNH:0
FNDA:0,bootstrap
DA:1,0
DA:2,0
DA:3,0
DA:4,0
DA:7,0
DA:9,0
DA:11,0
DA:17,0
DA:18,0
DA:20,0
DA:22,0
LF:11
LH:0
BRF:0
BRH:0
end_of_record
TN:
SF:src/links/links.controller.ts
FN:26,(anonymous_4)
FN:49,(anonymous_5)
FN:74,(anonymous_6)
FN:95,(anonymous_7)
FN:103,(anonymous_8)
FNF:5
FNH:4
FNDA:5,(anonymous_4)
FNDA:1,(anonymous_5)
FNDA:0,(anonymous_6)
FNDA:2,(anonymous_7)
FNDA:1,(anonymous_8)
DA:1,1
DA:12,1
DA:14,1
DA:25,1
DA:26,5
DA:49,1
DA:54,1
DA:55,1
DA:74,1
DA:79,0
DA:81,0
DA:82,0
DA:85,0
DA:86,0
DA:95,1
DA:96,2
DA:103,1
DA:104,1
LF:18
LH:13
BRDA:54,0,0,1
BRDA:54,0,1,0
BRDA:81,1,0,0
BRDA:81,2,0,0
BRDA:81,2,1,0
BRF:5
BRH:1
end_of_record
TN:
SF:src/links/links.module.ts
FNF:0
FNH:0
DA:1,0
DA:2,0
DA:3,0
DA:9,0
LF:4
LH:0
BRF:0
BRH:0
end_of_record
TN:
SF:src/links/entities/link.entity.ts
FNF:0
FNH:0
DA:1,0
DA:3,0
DA:5,0
DA:8,0
DA:11,0
DA:14,0
DA:17,0
DA:20,0
DA:27,0
DA:33,0
LF:10
LH:0
BRF:0
BRH:0
end_of_record
TN:
SF:src/links/services/links.service.ts
FN:9,(anonymous_3)
FN:16,(anonymous_4)
FN:28,(anonymous_5)
FN:69,(anonymous_6)
FN:86,(anonymous_7)
FN:96,(anonymous_8)
FN:103,(anonymous_9)
FN:108,(anonymous_10)
FNF:8
FNH:8
FNDA:13,(anonymous_3)
FNDA:2,(anonymous_4)
FNDA:2,(anonymous_5)
FNDA:3,(anonymous_6)
FNDA:4,(anonymous_7)
FNDA:1,(anonymous_8)
FNDA:2,(anonymous_9)
FNDA:2,(anonymous_10)
DA:1,2
DA:2,2
DA:6,2
DA:10,13
DA:18,2
DA:19,2
DA:20,2
DA:21,10
DA:25,2
DA:34,2
DA:36,2
DA:38,1
DA:45,1
DA:46,1
DA:50,1
DA:51,1
DA:54,1
DA:65,1
DA:66,1
DA:70,3
DA:71,3
DA:72,1
DA:76,2
DA:77,2
DA:79,1
DA:80,1
DA:83,1
DA:87,4
DA:89,4
DA:90,2
DA:93,2
DA:97,1
DA:100,1
DA:105,2
DA:109,2
DA:110,2
DA:111,1
DA:113,1
LF:38
LH:38
BRDA:36,0,0,1
BRDA:71,1,0,1
BRDA:71,2,0,3
BRDA:71,2,1,2
BRDA:77,3,0,1
BRDA:77,4,0,2
BRDA:77,4,1,1
BRDA:89,5,0,2
BRDA:89,6,0,4
BRDA:89,6,1,2
BRDA:110,7,0,1
BRF:11
BRH:11
end_of_record
